[2024-07-16 17:07:04.680]  [32minfo[39m:  home page reloaded   
[2024-07-16 17:07:04.794]  [32minfo[39m:  home page reloaded   
[2024-07-16 17:07:05.976]  [32minfo[39m:  home page reloaded   
[2024-07-16 17:07:06.389]  [32minfo[39m:  home page reloaded   
[2024-07-16 17:11:06.294]  [32minfo[39m:  home paege   
[2024-07-16 17:13:06.901]  [33mwarn[39m:  error   
[2024-07-16 17:13:07.236]  [33mwarn[39m:  error   
[2024-07-16 17:16:26.723] UserService [32minfo[39m: req456 Processing user request   [object Object]
[2024-07-16 17:16:26.762] UserService [32minfo[39m: req456 Processing user request   [object Object]
[2024-07-16 17:27:09.503]  [32minfo[39m:  Application started   
[2024-07-16 17:27:09.506]  [31merror[39m:  An error occurred  Error: Details here 
[2024-07-16 17:27:09.655]  [32minfo[39m:  Application started   
[2024-07-16 17:27:09.655]  [31merror[39m:  An error occurred  Error: Details here 
[2024-07-16 17:39:47.329] ExampleService [32minfo[39m:  Doing something   
[2024-07-16 17:40:19.545] ExampleService [33mwarn[39m:  Doing something   
[2024-07-16 17:40:19.705] ExampleService [33mwarn[39m:  Doing something   
[2024-07-16 17:45:55.349] ExampleService [31merror[39m:  Handling error   
[2024-07-16 17:46:15.553] ExampleService [31merror[39m:  Handling error   
[2024-07-16 17:46:30.345] ExampleService [31merror[39m:  Handling error   
[2024-07-16 17:46:45.537] ExampleService [31merror[39m:  Handling error   
[2024-07-16 17:50:31.414] ExampleService [31merror[39m:  Handling error   
[2024-07-16 17:52:10.998] ExampleService [31merror[39m:  Handling error   
[2024-07-17 09:51:05.125] ExampleService [31merror[39m:  Handling error   
[2024-07-17 09:54:26.882] ExampleService [31merror[39m:  Handling error   
[2024-07-17 10:09:39.600] ExampleService [31merror[39m:  Handling error   
[2024-07-17 10:09:57.555] ExampleService [31merror[39m:  Handling error   
[2024-07-17 10:10:05.126] ExampleService [31merror[39m:  Handling error   
[2024-07-17 10:10:05.641] ExampleService [31merror[39m:  Handling error   
[2024-07-17 10:11:23.064] ExampleService [32minfo[39m:  Doing something   
[2024-07-17 10:11:38.996] ExampleService [32minfo[39m:  Doing something   
[2024-07-17 10:11:53.027] ExampleService [32minfo[39m:  Doing something   
[2024-07-17 10:11:55.973] ExampleService [32minfo[39m:  Doing something   
[2024-07-17 10:11:58.936] ExampleService [32minfo[39m:  Doing something   
[2024-07-17 10:14:54.602] ExampleService [32minfo[39m:  Doing something   
[2024-07-17 10:14:55.904] ExampleService [32minfo[39m:  Doing something   
[2024-07-17 15:25:49.434] ExampleService [34mdebug[39m:  Executing doSomething method   
[2024-07-17 15:25:49.447] ExampleService [34mdebug[39m:  doSomething arguments:   
[2024-07-17 15:25:49.451] ExampleService [32minfo[39m:  Doing something   
[2024-07-17 15:25:49.479] ExampleService [34mdebug[39m:  doSomething returned:   
[2024-07-17 15:39:23.350] ExampleService [34mdebug[39m:  Executing doSomething method   
[2024-07-17 15:39:23.352] ExampleService [34mdebug[39m:  doSomething arguments:   
[2024-07-17 15:39:23.353] ExampleService [32minfo[39m:  Doing something   
[2024-07-17 15:39:23.360] ExampleService [34mdebug[39m:  doSomething returned:   
[2024-07-17 15:39:50.467] ExampleService [34mdebug[39m:  Executing doSomething method   
[2024-07-17 15:39:50.469] ExampleService [34mdebug[39m:  doSomething arguments:   
[2024-07-17 15:39:50.470] ExampleService [32minfo[39m:  Doing something   
[2024-07-17 15:39:50.470] ExampleService [32minfo[39m:  Processing data   
[2024-07-17 15:39:50.470] ExampleService [34mdebug[39m:  processData arguments:   
[2024-07-17 15:39:50.471] ExampleService [34mdebug[39m:  Executing fetchUserData   
[2024-07-17 15:39:50.471] ExampleService [34mdebug[39m:  fetchUserData arguments:   
[2024-07-17 15:39:50.472] ExampleService [34mdebug[39m:  Custom log value for fetchUserData:   
[2024-07-17 15:39:50.472] ExampleService [33mwarn[39m:  Executing riskyOperation   
[2024-07-17 15:39:50.472] ExampleService [34mdebug[39m:  riskyOperation arguments:   
[2024-07-17 15:39:50.473] ExampleService [34mdebug[39m:  Executing simpleMethod   
[2024-07-17 15:39:50.473] ExampleService [34mdebug[39m:  simpleMethod arguments:   
[2024-07-17 15:39:50.479] ExampleService [34mdebug[39m:  doSomething returned:   
[2024-07-17 15:39:50.480] ExampleService [32minfo[39m:  processData returned:   
[2024-07-17 15:39:50.482] ExampleService [31merror[39m:  Error in riskyOperation: Operation failed Error: Operation failed
    at ExampleService.riskyOperation (webpack-internal:///(rsc)/./src/services/exampleService.ts:37:19)
    at descriptor.value (webpack-internal:///(rsc)/./src/utils/logger.ts:66:53)
    at Home (webpack-internal:///(rsc)/./src/app/page.tsx:18:13)
    at e_ (C:\Users\admin\Desktop\New folder (2)\loggersample\node_modules\next\dist\compiled\next-server\app-page.runtime.dev.js:35:264092)
    at e (C:\Users\admin\Desktop\New folder (2)\loggersample\node_modules\next\dist\compiled\next-server\app-page.runtime.dev.js:35:268224)
    at eF (C:\Users\admin\Desktop\New folder (2)\loggersample\node_modules\next\dist\compiled\next-server\app-page.runtime.dev.js:35:268712)
    at eq (C:\Users\admin\Desktop\New folder (2)\loggersample\node_modules\next\dist\compiled\next-server\app-page.runtime.dev.js:35:274676)
    at ej (C:\Users\admin\Desktop\New folder (2)\loggersample\node_modules\next\dist\compiled\next-server\app-page.runtime.dev.js:35:264920)
    at e_ (C:\Users\admin\Desktop\New folder (2)\loggersample\node_modules\next\dist\compiled\next-server\app-page.runtime.dev.js:35:263962)
    at e (C:\Users\admin\Desktop\New folder (2)\loggersample\node_modules\next\dist\compiled\next-server\app-page.runtime.dev.js:35:268224)
    at eF (C:\Users\admin\Desktop\New folder (2)\loggersample\node_modules\next\dist\compiled\next-server\app-page.runtime.dev.js:35:268712)
    at C:\Users\admin\Desktop\New folder (2)\loggersample\node_modules\next\dist\compiled\next-server\app-page.runtime.dev.js:35:265943
    at Array.toJSON (C:\Users\admin\Desktop\New folder (2)\loggersample\node_modules\next\dist\compiled\next-server\app-page.runtime.dev.js:35:266407)
    at stringify (<anonymous>)
    at eq (C:\Users\admin\Desktop\New folder (2)\loggersample\node_modules\next\dist\compiled\next-server\app-page.runtime.dev.js:35:274775)
    at eJ (C:\Users\admin\Desktop\New folder (2)\loggersample\node_modules\next\dist\compiled\next-server\app-page.runtime.dev.js:35:275293)
    at AsyncLocalStorage.run (node:async_hooks:346:14)
    at Timeout._onTimeout (C:\Users\admin\Desktop\New folder (2)\loggersample\node_modules\next\dist\compiled\next-server\app-page.runtime.dev.js:35:283288)
    at listOnTimeout (node:internal/timers:573:17)
    at process.processTimers (node:internal/timers:514:7)  
[2024-07-17 15:39:50.486] ExampleService [34mdebug[39m:  simpleMethod returned:   
[2024-07-17 15:42:27.889] ExampleService [34mdebug[39m:  Executing doSomething method   
[2024-07-17 15:42:27.893] ExampleService [34mdebug[39m:  doSomething arguments:   
[2024-07-17 15:42:27.894] ExampleService [32minfo[39m:  Doing something   
[2024-07-17 15:42:27.895] ExampleService [32minfo[39m:  Processing data   
[2024-07-17 15:42:27.896] ExampleService [34mdebug[39m:  processData arguments:   
[2024-07-17 15:42:27.896] ExampleService [34mdebug[39m:  Executing fetchUserData   
[2024-07-17 15:42:27.897] ExampleService [34mdebug[39m:  fetchUserData arguments:   
[2024-07-17 15:42:27.898] ExampleService [34mdebug[39m:  Custom log value for fetchUserData:   
[2024-07-17 15:42:27.900] ExampleService [33mwarn[39m:  Executing riskyOperation   
[2024-07-17 15:42:27.901] ExampleService [34mdebug[39m:  riskyOperation arguments:   
[2024-07-17 15:42:27.902] ExampleService [34mdebug[39m:  Executing simpleMethod   
[2024-07-17 15:42:27.903] ExampleService [34mdebug[39m:  simpleMethod arguments:   
[2024-07-17 15:42:27.915] ExampleService [34mdebug[39m:  doSomething returned:   
[2024-07-17 15:42:27.916] ExampleService [32minfo[39m:  processData returned:   
[2024-07-17 15:42:27.917] ExampleService [33mwarn[39m:  riskyOperation returned:   
[2024-07-17 15:42:27.918] ExampleService [34mdebug[39m:  simpleMethod returned:   
[2024-07-17 15:43:47.779] ExampleService [34mdebug[39m:  Executing doSomething method   
[2024-07-17 15:43:47.782] ExampleService [34mdebug[39m:  doSomething arguments:   
[2024-07-17 15:43:47.783] ExampleService [32minfo[39m:  Doing something   
[2024-07-17 15:43:47.784] ExampleService [32minfo[39m:  Processing data   
[2024-07-17 15:43:47.784] ExampleService [34mdebug[39m:  processData arguments:   
[2024-07-17 15:43:47.785] ExampleService [34mdebug[39m:  Executing fetchUserData   
[2024-07-17 15:43:47.785] ExampleService [34mdebug[39m:  fetchUserData arguments:   
[2024-07-17 15:43:47.786] ExampleService [34mdebug[39m:  Custom log value for fetchUserData:   
[2024-07-17 15:43:47.787] ExampleService [33mwarn[39m:  Executing riskyOperation   
[2024-07-17 15:43:47.787] ExampleService [34mdebug[39m:  riskyOperation arguments:   
[2024-07-17 15:43:47.788] ExampleService [34mdebug[39m:  Executing simpleMethod   
[2024-07-17 15:43:47.789] ExampleService [34mdebug[39m:  simpleMethod arguments:   
[2024-07-17 15:43:47.796] ExampleService [34mdebug[39m:  doSomething returned:   
[2024-07-17 15:43:47.797] ExampleService [32minfo[39m:  processData returned:   
[2024-07-17 15:43:47.797] ExampleService [34mdebug[39m:  fetchUserData returned:   
[2024-07-17 15:43:47.798] ExampleService [33mwarn[39m:  riskyOperation returned:   
[2024-07-17 15:43:47.798] ExampleService [34mdebug[39m:  simpleMethod returned:   
[2024-07-17 15:46:11.651] ExampleService [34mdebug[39m:  Executing doSomething method   
[2024-07-17 15:46:11.652] ExampleService [34mdebug[39m:  doSomething arguments:   
[2024-07-17 15:46:11.653] ExampleService [32minfo[39m:  Doing something   
[2024-07-17 15:46:11.653] ExampleService [32minfo[39m:  Processing data   
[2024-07-17 15:46:11.654] ExampleService [34mdebug[39m:  processData arguments:   
[2024-07-17 15:46:11.654] ExampleService [34mdebug[39m:  Executing fetchUserData   
[2024-07-17 15:46:11.654] ExampleService [34mdebug[39m:  fetchUserData arguments:   
[2024-07-17 15:46:11.656] ExampleService [34mdebug[39m:  Custom log value for fetchUserData:   
[2024-07-17 15:46:11.659] ExampleService [33mwarn[39m:  Executing riskyOperation   
[2024-07-17 15:46:11.660] ExampleService [34mdebug[39m:  riskyOperation arguments:   
[2024-07-17 15:46:11.660] ExampleService [34mdebug[39m:  Executing simpleMethod   
[2024-07-17 15:46:11.661] ExampleService [34mdebug[39m:  simpleMethod arguments:   
[2024-07-17 15:46:11.666] ExampleService [34mdebug[39m:  doSomething returned:   
[2024-07-17 15:46:11.666] ExampleService [32minfo[39m:  processData returned:   
[2024-07-17 15:46:11.667] ExampleService [34mdebug[39m:  fetchUserData returned:   
[2024-07-17 15:46:11.670] ExampleService [31merror[39m:  Error in riskyOperation: Operation failed Error: Operation failed
    at ExampleService.riskyOperation (webpack-internal:///(rsc)/./src/services/exampleService.ts:39:19)
    at descriptor.value (webpack-internal:///(rsc)/./src/utils/logger.ts:66:53)
    at Home (webpack-internal:///(rsc)/./src/app/page.tsx:18:13)
    at e_ (C:\Users\admin\Desktop\New folder (2)\loggersample\node_modules\next\dist\compiled\next-server\app-page.runtime.dev.js:35:264092)
    at e (C:\Users\admin\Desktop\New folder (2)\loggersample\node_modules\next\dist\compiled\next-server\app-page.runtime.dev.js:35:268224)
    at eF (C:\Users\admin\Desktop\New folder (2)\loggersample\node_modules\next\dist\compiled\next-server\app-page.runtime.dev.js:35:268712)
    at eq (C:\Users\admin\Desktop\New folder (2)\loggersample\node_modules\next\dist\compiled\next-server\app-page.runtime.dev.js:35:274676)
    at ej (C:\Users\admin\Desktop\New folder (2)\loggersample\node_modules\next\dist\compiled\next-server\app-page.runtime.dev.js:35:264920)
    at e_ (C:\Users\admin\Desktop\New folder (2)\loggersample\node_modules\next\dist\compiled\next-server\app-page.runtime.dev.js:35:263962)
    at e (C:\Users\admin\Desktop\New folder (2)\loggersample\node_modules\next\dist\compiled\next-server\app-page.runtime.dev.js:35:268224)
    at eF (C:\Users\admin\Desktop\New folder (2)\loggersample\node_modules\next\dist\compiled\next-server\app-page.runtime.dev.js:35:268712)
    at C:\Users\admin\Desktop\New folder (2)\loggersample\node_modules\next\dist\compiled\next-server\app-page.runtime.dev.js:35:265943
    at Array.toJSON (C:\Users\admin\Desktop\New folder (2)\loggersample\node_modules\next\dist\compiled\next-server\app-page.runtime.dev.js:35:266407)
    at stringify (<anonymous>)
    at eq (C:\Users\admin\Desktop\New folder (2)\loggersample\node_modules\next\dist\compiled\next-server\app-page.runtime.dev.js:35:274775)
    at eJ (C:\Users\admin\Desktop\New folder (2)\loggersample\node_modules\next\dist\compiled\next-server\app-page.runtime.dev.js:35:275293)
    at AsyncLocalStorage.run (node:async_hooks:346:14)
    at Timeout._onTimeout (C:\Users\admin\Desktop\New folder (2)\loggersample\node_modules\next\dist\compiled\next-server\app-page.runtime.dev.js:35:283288)
    at listOnTimeout (node:internal/timers:573:17)
    at process.processTimers (node:internal/timers:514:7)  
[2024-07-17 15:46:11.673] ExampleService [34mdebug[39m:  simpleMethod returned:   
[2024-07-17 15:46:50.484] ExampleService [34mdebug[39m:  Executing doSomething method   
[2024-07-17 15:46:50.492] ExampleService [34mdebug[39m:  doSomething arguments:   
[2024-07-17 15:46:50.493] ExampleService [32minfo[39m:  Doing something   
[2024-07-17 15:46:50.495] ExampleService [32minfo[39m:  Processing data   
[2024-07-17 15:46:50.496] ExampleService [34mdebug[39m:  processData arguments:   
[2024-07-17 15:46:50.497] ExampleService [34mdebug[39m:  Executing fetchUserData   
[2024-07-17 15:46:50.498] ExampleService [34mdebug[39m:  fetchUserData arguments:   
[2024-07-17 15:46:50.500] ExampleService [34mdebug[39m:  Custom log value for fetchUserData:   
[2024-07-17 15:46:50.507] ExampleService [34mdebug[39m:  Executing simpleMethod   
[2024-07-17 15:46:50.509] ExampleService [34mdebug[39m:  simpleMethod arguments:   
[2024-07-17 15:46:50.519] ExampleService [34mdebug[39m:  doSomething returned:   
[2024-07-17 15:46:50.520] ExampleService [32minfo[39m:  processData returned:   
[2024-07-17 15:46:50.522] ExampleService [34mdebug[39m:  fetchUserData returned:   
[2024-07-17 15:46:50.523] ExampleService [34mdebug[39m:  simpleMethod returned:   
[2024-07-17 15:54:03.031] ExampleService [34mdebug[39m:  Executing doSomething method   
[2024-07-17 15:54:03.038] ExampleService [34mdebug[39m:  doSomething arguments:   
[2024-07-17 15:54:03.039] ExampleService [32minfo[39m:  Doing something   
[2024-07-17 15:54:03.041] ExampleService [32minfo[39m:  Processing data   
[2024-07-17 15:54:03.042] ExampleService [34mdebug[39m:  processData arguments:   
[2024-07-17 15:54:03.043] ExampleService [34mdebug[39m:  Executing fetchUserData   
[2024-07-17 15:54:03.045] ExampleService [34mdebug[39m:  fetchUserData arguments:   
[2024-07-17 15:54:03.048] ExampleService [34mdebug[39m:  Custom log value for fetchUserData:   
[2024-07-17 15:54:03.054] ExampleService [34mdebug[39m:  Executing simpleMethod   
[2024-07-17 15:54:03.055] ExampleService [34mdebug[39m:  simpleMethod arguments:   
[2024-07-17 15:54:03.065] ExampleService [34mdebug[39m:  doSomething returned:   
[2024-07-17 15:54:03.066] ExampleService [32minfo[39m:  processData returned:   
[2024-07-17 15:54:03.067] ExampleService [34mdebug[39m:  fetchUserData returned:   
[2024-07-17 15:54:03.068] ExampleService [34mdebug[39m:  simpleMethod returned:   
